[0.632s] DEBUG:colcon:Command line arguments: ['/usr/bin/colcon', 'list', '-p', '--base-paths', '/home/huzhanyong/A1-QP-MPC-Controller']
[0.632s] DEBUG:colcon:Parsed command line arguments: Namespace(log_base=None, log_level=None, verb_name='list', build_base='build', ignore_user_meta=False, metas=['./colcon.meta'], base_paths=['/home/huzhanyong/A1-QP-MPC-Controller'], packages_ignore=None, packages_ignore_regex=None, paths=None, packages_up_to=None, packages_up_to_regex=None, packages_above=None, packages_above_and_dependencies=None, packages_above_depth=None, packages_select_by_dep=None, packages_skip_by_dep=None, packages_skip_up_to=None, packages_select_build_failed=False, packages_skip_build_finished=False, packages_select_test_failures=False, packages_skip_test_passed=False, packages_select=None, packages_skip=None, packages_select_regex=None, packages_skip_regex=None, packages_start=None, packages_end=None, allow_overriding=[], topological_order=False, names_only=False, paths_only=True, topological_graph=False, topological_graph_dot=False, topological_graph_density=False, topological_graph_legend=False, topological_graph_dot_cluster=False, topological_graph_dot_include_skipped=False, verb_parser=<colcon_defaults.argument_parser.defaults.DefaultArgumentsDecorator object at 0x7f2ef30b6200>, verb_extension=<colcon_package_information.verb.list.ListVerb object at 0x7f2ef41cbeb0>, main=<bound method ListVerb.main of <colcon_package_information.verb.list.ListVerb object at 0x7f2ef41cbeb0>>)
[0.666s] Level 1:colcon.colcon_core.package_discovery:discover_packages(colcon_meta) check parameters
[0.667s] Level 1:colcon.colcon_core.package_discovery:discover_packages(recursive) check parameters
[0.667s] Level 1:colcon.colcon_core.package_discovery:discover_packages(ignore) check parameters
[0.667s] Level 1:colcon.colcon_core.package_discovery:discover_packages(path) check parameters
[0.667s] Level 1:colcon.colcon_core.package_discovery:discover_packages(recursive) discover
[0.667s] INFO:colcon.colcon_core.package_discovery:Crawling recursively for packages in '/home/huzhanyong/A1-QP-MPC-Controller'
[0.667s] Level 1:colcon.colcon_core.package_identification:_identify(/home/huzhanyong/A1-QP-MPC-Controller) by extensions ['ignore', 'ignore_ament_install']
[0.667s] Level 1:colcon.colcon_core.package_identification:_identify(/home/huzhanyong/A1-QP-MPC-Controller) by extension 'ignore'
[0.667s] Level 1:colcon.colcon_core.package_identification:_identify(/home/huzhanyong/A1-QP-MPC-Controller) by extension 'ignore_ament_install'
[0.667s] Level 1:colcon.colcon_core.package_identification:_identify(/home/huzhanyong/A1-QP-MPC-Controller) by extensions ['colcon_pkg']
[0.667s] Level 1:colcon.colcon_core.package_identification:_identify(/home/huzhanyong/A1-QP-MPC-Controller) by extension 'colcon_pkg'
[0.667s] Level 1:colcon.colcon_core.package_identification:_identify(/home/huzhanyong/A1-QP-MPC-Controller) by extensions ['colcon_meta']
[0.667s] Level 1:colcon.colcon_core.package_identification:_identify(/home/huzhanyong/A1-QP-MPC-Controller) by extension 'colcon_meta'
[0.667s] Level 1:colcon.colcon_core.package_identification:_identify(/home/huzhanyong/A1-QP-MPC-Controller) by extensions ['ros']
[0.667s] Level 1:colcon.colcon_core.package_identification:_identify(/home/huzhanyong/A1-QP-MPC-Controller) by extension 'ros'
[0.678s] Level 1:colcon.colcon_core.package_identification:_identify(/home/huzhanyong/A1-QP-MPC-Controller) by extensions ['cmake', 'python']
[0.678s] Level 1:colcon.colcon_core.package_identification:_identify(/home/huzhanyong/A1-QP-MPC-Controller) by extension 'cmake'
[0.678s] Level 1:colcon.colcon_core.package_identification:_identify(/home/huzhanyong/A1-QP-MPC-Controller) by extension 'python'
[0.678s] Level 1:colcon.colcon_core.package_identification:_identify(/home/huzhanyong/A1-QP-MPC-Controller) by extensions ['python_setup_py']
[0.678s] Level 1:colcon.colcon_core.package_identification:_identify(/home/huzhanyong/A1-QP-MPC-Controller) by extension 'python_setup_py'
[0.678s] Level 1:colcon.colcon_core.package_identification:_identify(/home/huzhanyong/A1-QP-MPC-Controller/doc) by extensions ['ignore', 'ignore_ament_install']
[0.678s] Level 1:colcon.colcon_core.package_identification:_identify(/home/huzhanyong/A1-QP-MPC-Controller/doc) by extension 'ignore'
[0.678s] Level 1:colcon.colcon_core.package_identification:_identify(/home/huzhanyong/A1-QP-MPC-Controller/doc) by extension 'ignore_ament_install'
[0.679s] Level 1:colcon.colcon_core.package_identification:_identify(/home/huzhanyong/A1-QP-MPC-Controller/doc) by extensions ['colcon_pkg']
[0.679s] Level 1:colcon.colcon_core.package_identification:_identify(/home/huzhanyong/A1-QP-MPC-Controller/doc) by extension 'colcon_pkg'
[0.679s] Level 1:colcon.colcon_core.package_identification:_identify(/home/huzhanyong/A1-QP-MPC-Controller/doc) by extensions ['colcon_meta']
[0.679s] Level 1:colcon.colcon_core.package_identification:_identify(/home/huzhanyong/A1-QP-MPC-Controller/doc) by extension 'colcon_meta'
[0.679s] Level 1:colcon.colcon_core.package_identification:_identify(/home/huzhanyong/A1-QP-MPC-Controller/doc) by extensions ['ros']
[0.679s] Level 1:colcon.colcon_core.package_identification:_identify(/home/huzhanyong/A1-QP-MPC-Controller/doc) by extension 'ros'
[0.679s] Level 1:colcon.colcon_core.package_identification:_identify(/home/huzhanyong/A1-QP-MPC-Controller/doc) by extensions ['cmake', 'python']
[0.679s] Level 1:colcon.colcon_core.package_identification:_identify(/home/huzhanyong/A1-QP-MPC-Controller/doc) by extension 'cmake'
[0.679s] Level 1:colcon.colcon_core.package_identification:_identify(/home/huzhanyong/A1-QP-MPC-Controller/doc) by extension 'python'
[0.679s] Level 1:colcon.colcon_core.package_identification:_identify(/home/huzhanyong/A1-QP-MPC-Controller/doc) by extensions ['python_setup_py']
[0.679s] Level 1:colcon.colcon_core.package_identification:_identify(/home/huzhanyong/A1-QP-MPC-Controller/doc) by extension 'python_setup_py'
[0.679s] Level 1:colcon.colcon_core.package_identification:_identify(/home/huzhanyong/A1-QP-MPC-Controller/docker) by extensions ['ignore', 'ignore_ament_install']
[0.679s] Level 1:colcon.colcon_core.package_identification:_identify(/home/huzhanyong/A1-QP-MPC-Controller/docker) by extension 'ignore'
[0.679s] Level 1:colcon.colcon_core.package_identification:_identify(/home/huzhanyong/A1-QP-MPC-Controller/docker) by extension 'ignore_ament_install'
[0.679s] Level 1:colcon.colcon_core.package_identification:_identify(/home/huzhanyong/A1-QP-MPC-Controller/docker) by extensions ['colcon_pkg']
[0.679s] Level 1:colcon.colcon_core.package_identification:_identify(/home/huzhanyong/A1-QP-MPC-Controller/docker) by extension 'colcon_pkg'
[0.679s] Level 1:colcon.colcon_core.package_identification:_identify(/home/huzhanyong/A1-QP-MPC-Controller/docker) by extensions ['colcon_meta']
[0.679s] Level 1:colcon.colcon_core.package_identification:_identify(/home/huzhanyong/A1-QP-MPC-Controller/docker) by extension 'colcon_meta'
[0.679s] Level 1:colcon.colcon_core.package_identification:_identify(/home/huzhanyong/A1-QP-MPC-Controller/docker) by extensions ['ros']
[0.679s] Level 1:colcon.colcon_core.package_identification:_identify(/home/huzhanyong/A1-QP-MPC-Controller/docker) by extension 'ros'
[0.679s] Level 1:colcon.colcon_core.package_identification:_identify(/home/huzhanyong/A1-QP-MPC-Controller/docker) by extensions ['cmake', 'python']
[0.679s] Level 1:colcon.colcon_core.package_identification:_identify(/home/huzhanyong/A1-QP-MPC-Controller/docker) by extension 'cmake'
[0.679s] Level 1:colcon.colcon_core.package_identification:_identify(/home/huzhanyong/A1-QP-MPC-Controller/docker) by extension 'python'
[0.679s] Level 1:colcon.colcon_core.package_identification:_identify(/home/huzhanyong/A1-QP-MPC-Controller/docker) by extensions ['python_setup_py']
[0.679s] Level 1:colcon.colcon_core.package_identification:_identify(/home/huzhanyong/A1-QP-MPC-Controller/docker) by extension 'python_setup_py'
[0.679s] Level 1:colcon.colcon_core.package_identification:_identify(/home/huzhanyong/A1-QP-MPC-Controller/docker_noetic_focal) by extensions ['ignore', 'ignore_ament_install']
[0.680s] Level 1:colcon.colcon_core.package_identification:_identify(/home/huzhanyong/A1-QP-MPC-Controller/docker_noetic_focal) by extension 'ignore'
[0.680s] Level 1:colcon.colcon_core.package_identification:_identify(/home/huzhanyong/A1-QP-MPC-Controller/docker_noetic_focal) by extension 'ignore_ament_install'
[0.680s] Level 1:colcon.colcon_core.package_identification:_identify(/home/huzhanyong/A1-QP-MPC-Controller/docker_noetic_focal) by extensions ['colcon_pkg']
[0.680s] Level 1:colcon.colcon_core.package_identification:_identify(/home/huzhanyong/A1-QP-MPC-Controller/docker_noetic_focal) by extension 'colcon_pkg'
[0.680s] Level 1:colcon.colcon_core.package_identification:_identify(/home/huzhanyong/A1-QP-MPC-Controller/docker_noetic_focal) by extensions ['colcon_meta']
[0.680s] Level 1:colcon.colcon_core.package_identification:_identify(/home/huzhanyong/A1-QP-MPC-Controller/docker_noetic_focal) by extension 'colcon_meta'
[0.680s] Level 1:colcon.colcon_core.package_identification:_identify(/home/huzhanyong/A1-QP-MPC-Controller/docker_noetic_focal) by extensions ['ros']
[0.680s] Level 1:colcon.colcon_core.package_identification:_identify(/home/huzhanyong/A1-QP-MPC-Controller/docker_noetic_focal) by extension 'ros'
[0.680s] Level 1:colcon.colcon_core.package_identification:_identify(/home/huzhanyong/A1-QP-MPC-Controller/docker_noetic_focal) by extensions ['cmake', 'python']
[0.680s] Level 1:colcon.colcon_core.package_identification:_identify(/home/huzhanyong/A1-QP-MPC-Controller/docker_noetic_focal) by extension 'cmake'
[0.680s] Level 1:colcon.colcon_core.package_identification:_identify(/home/huzhanyong/A1-QP-MPC-Controller/docker_noetic_focal) by extension 'python'
[0.680s] Level 1:colcon.colcon_core.package_identification:_identify(/home/huzhanyong/A1-QP-MPC-Controller/docker_noetic_focal) by extensions ['python_setup_py']
[0.680s] Level 1:colcon.colcon_core.package_identification:_identify(/home/huzhanyong/A1-QP-MPC-Controller/docker_noetic_focal) by extension 'python_setup_py'
[0.680s] Level 1:colcon.colcon_core.package_identification:_identify(/home/huzhanyong/A1-QP-MPC-Controller/gazebo_docker) by extensions ['ignore', 'ignore_ament_install']
[0.680s] Level 1:colcon.colcon_core.package_identification:_identify(/home/huzhanyong/A1-QP-MPC-Controller/gazebo_docker) by extension 'ignore'
[0.680s] Level 1:colcon.colcon_core.package_identification:_identify(/home/huzhanyong/A1-QP-MPC-Controller/gazebo_docker) by extension 'ignore_ament_install'
[0.680s] Level 1:colcon.colcon_core.package_identification:_identify(/home/huzhanyong/A1-QP-MPC-Controller/gazebo_docker) by extensions ['colcon_pkg']
[0.680s] Level 1:colcon.colcon_core.package_identification:_identify(/home/huzhanyong/A1-QP-MPC-Controller/gazebo_docker) by extension 'colcon_pkg'
[0.680s] Level 1:colcon.colcon_core.package_identification:_identify(/home/huzhanyong/A1-QP-MPC-Controller/gazebo_docker) by extensions ['colcon_meta']
[0.680s] Level 1:colcon.colcon_core.package_identification:_identify(/home/huzhanyong/A1-QP-MPC-Controller/gazebo_docker) by extension 'colcon_meta'
[0.680s] Level 1:colcon.colcon_core.package_identification:_identify(/home/huzhanyong/A1-QP-MPC-Controller/gazebo_docker) by extensions ['ros']
[0.680s] Level 1:colcon.colcon_core.package_identification:_identify(/home/huzhanyong/A1-QP-MPC-Controller/gazebo_docker) by extension 'ros'
[0.680s] Level 1:colcon.colcon_core.package_identification:_identify(/home/huzhanyong/A1-QP-MPC-Controller/gazebo_docker) by extensions ['cmake', 'python']
[0.680s] Level 1:colcon.colcon_core.package_identification:_identify(/home/huzhanyong/A1-QP-MPC-Controller/gazebo_docker) by extension 'cmake'
[0.681s] Level 1:colcon.colcon_core.package_identification:_identify(/home/huzhanyong/A1-QP-MPC-Controller/gazebo_docker) by extension 'python'
[0.681s] Level 1:colcon.colcon_core.package_identification:_identify(/home/huzhanyong/A1-QP-MPC-Controller/gazebo_docker) by extensions ['python_setup_py']
[0.681s] Level 1:colcon.colcon_core.package_identification:_identify(/home/huzhanyong/A1-QP-MPC-Controller/gazebo_docker) by extension 'python_setup_py'
[0.681s] Level 1:colcon.colcon_core.package_identification:_identify(/home/huzhanyong/A1-QP-MPC-Controller/log) by extensions ['ignore', 'ignore_ament_install']
[0.681s] Level 1:colcon.colcon_core.package_identification:_identify(/home/huzhanyong/A1-QP-MPC-Controller/log) by extension 'ignore'
[0.681s] Level 1:colcon.colcon_core.package_identification:_identify(/home/huzhanyong/A1-QP-MPC-Controller/log) ignored
[0.681s] Level 1:colcon.colcon_core.package_identification:_identify(/home/huzhanyong/A1-QP-MPC-Controller/src) by extensions ['ignore', 'ignore_ament_install']
[0.681s] Level 1:colcon.colcon_core.package_identification:_identify(/home/huzhanyong/A1-QP-MPC-Controller/src) by extension 'ignore'
[0.681s] Level 1:colcon.colcon_core.package_identification:_identify(/home/huzhanyong/A1-QP-MPC-Controller/src) by extension 'ignore_ament_install'
[0.681s] Level 1:colcon.colcon_core.package_identification:_identify(/home/huzhanyong/A1-QP-MPC-Controller/src) by extensions ['colcon_pkg']
[0.681s] Level 1:colcon.colcon_core.package_identification:_identify(/home/huzhanyong/A1-QP-MPC-Controller/src) by extension 'colcon_pkg'
[0.681s] Level 1:colcon.colcon_core.package_identification:_identify(/home/huzhanyong/A1-QP-MPC-Controller/src) by extensions ['colcon_meta']
[0.681s] Level 1:colcon.colcon_core.package_identification:_identify(/home/huzhanyong/A1-QP-MPC-Controller/src) by extension 'colcon_meta'
[0.681s] Level 1:colcon.colcon_core.package_identification:_identify(/home/huzhanyong/A1-QP-MPC-Controller/src) by extensions ['ros']
[0.681s] Level 1:colcon.colcon_core.package_identification:_identify(/home/huzhanyong/A1-QP-MPC-Controller/src) by extension 'ros'
[0.681s] Level 1:colcon.colcon_core.package_identification:_identify(/home/huzhanyong/A1-QP-MPC-Controller/src) by extensions ['cmake', 'python']
[0.681s] Level 1:colcon.colcon_core.package_identification:_identify(/home/huzhanyong/A1-QP-MPC-Controller/src) by extension 'cmake'
[0.681s] Level 1:colcon.colcon_core.package_identification:_identify(/home/huzhanyong/A1-QP-MPC-Controller/src) by extension 'python'
[0.681s] Level 1:colcon.colcon_core.package_identification:_identify(/home/huzhanyong/A1-QP-MPC-Controller/src) by extensions ['python_setup_py']
[0.681s] Level 1:colcon.colcon_core.package_identification:_identify(/home/huzhanyong/A1-QP-MPC-Controller/src) by extension 'python_setup_py'
[0.681s] Level 1:colcon.colcon_core.package_identification:_identify(/home/huzhanyong/A1-QP-MPC-Controller/src/a1_cpp) by extensions ['ignore', 'ignore_ament_install']
[0.681s] Level 1:colcon.colcon_core.package_identification:_identify(/home/huzhanyong/A1-QP-MPC-Controller/src/a1_cpp) by extension 'ignore'
[0.681s] Level 1:colcon.colcon_core.package_identification:_identify(/home/huzhanyong/A1-QP-MPC-Controller/src/a1_cpp) by extension 'ignore_ament_install'
[0.681s] Level 1:colcon.colcon_core.package_identification:_identify(/home/huzhanyong/A1-QP-MPC-Controller/src/a1_cpp) by extensions ['colcon_pkg']
[0.681s] Level 1:colcon.colcon_core.package_identification:_identify(/home/huzhanyong/A1-QP-MPC-Controller/src/a1_cpp) by extension 'colcon_pkg'
[0.681s] Level 1:colcon.colcon_core.package_identification:_identify(/home/huzhanyong/A1-QP-MPC-Controller/src/a1_cpp) by extensions ['colcon_meta']
[0.681s] Level 1:colcon.colcon_core.package_identification:_identify(/home/huzhanyong/A1-QP-MPC-Controller/src/a1_cpp) by extension 'colcon_meta'
[0.682s] Level 1:colcon.colcon_core.package_identification:_identify(/home/huzhanyong/A1-QP-MPC-Controller/src/a1_cpp) by extensions ['ros']
[0.682s] Level 1:colcon.colcon_core.package_identification:_identify(/home/huzhanyong/A1-QP-MPC-Controller/src/a1_cpp) by extension 'ros'
[0.684s] DEBUG:colcon.colcon_core.package_identification:Package '/home/huzhanyong/A1-QP-MPC-Controller/src/a1_cpp' with type 'ros.catkin' and name 'a1_cpp'
[0.684s] Level 1:colcon.colcon_core.package_discovery:discover_packages(recursive) using defaults
